<?xml version="1.0" encoding="UTF-8"?>
<testng-results ignored="0" total="1" passed="1" failed="0" skipped="0">
  <reporter-output>
  </reporter-output>
  <suite started-at="2018-12-29T17:02:06Z" name="Suite" finished-at="2018-12-29T17:02:12Z" duration-ms="5342">
    <groups>
    </groups>
    <test started-at="2018-12-29T17:02:06Z" name="Test" finished-at="2018-12-29T17:02:12Z" duration-ms="5342">
      <class name="com.maven.BaseClass">
        <test-method signature="setup()[pri:0, instance:com.maven.BaseClass@7c24b813]" started-at="2018-12-29T17:02:06Z" name="setup" finished-at="2018-12-29T17:02:12Z" duration-ms="5310" status="PASS">
          <reporter-output>
          </reporter-output>
        </test-method> <!-- setup -->
      </class> <!-- com.maven.BaseClass -->
    </test> <!-- Test -->
  </suite> <!-- Suite -->
</testng-results>
